Vivado Simulator v2025.2
Copyright 1986-2022 Xilinx, Inc. All Rights Reserved.
Copyright 2022-2025 Advanced Micro Devices, Inc. All Rights Reserved.
Running: /home/user/Xilinx/2025.2/Vivado/bin/unwrapped/lnx64.o/xelab --incr --debug typical --relax --mt 8 -L xil_defaultlib -L unisims_ver -L unimacro_ver -L secureip --snapshot tb_weight_store_behav xil_defaultlib.tb_weight_store xil_defaultlib.glbl -log elaborate.log 
Using 8 slave threads.
WARNING: [XSIM 43-3431] One or more environment variables have been detected which affect the operation of the C compiler. These are typically not set in standard installations and are not tested by AMD, however they may be appropriate for your system, so the flow will attempt to continue.  If errors occur, try running xelab with the "-mt off -v 1" switches to see more information from the C compiler. The following environment variables have been detected:
Starting static elaboration
Pass Through NonSizing Optimizer
Completed static elaboration
Starting simulation data flow analysis
WARNING: [XSIM 43-4099] "/home/user/red_eyes_is_all_you_need/rtl/weight_store.v" Line 44. Module weight_store doesn't have a timescale but at least one module in design has a timescale.
WARNING: [XSIM 43-4099] "/home/user/red_eyes_is_all_you_need/rtl/weight_rom.v" Line 4. Module weight_rom(DEPTH=32768,HEX_FILE="/home/user/red_eyes_is_all_you_need/mem/tok_emb_weight.hex") doesn't have a timescale but at least one module in design has a timescale.
WARNING: [XSIM 43-4099] "/home/user/red_eyes_is_all_you_need/rtl/weight_rom.v" Line 4. Module weight_rom(DEPTH=32768,HEX_FILE="/home/user/red_eyes_is_all_you_need/mem/pos_emb_weight.hex") doesn't have a timescale but at least one module in design has a timescale.
WARNING: [XSIM 43-4099] "/home/user/red_eyes_is_all_you_need/rtl/weight_rom.v" Line 4. Module weight_rom(DEPTH=49152,HEX_FILE="/home/user/red_eyes_is_all_you_need/mem/block0_attn_qkv_weight.hex") doesn't have a timescale but at least one module in design has a timescale.
WARNING: [XSIM 43-4099] "/home/user/red_eyes_is_all_you_need/rtl/weight_rom.v" Line 4. Module weight_rom(DEPTH=16384,HEX_FILE="/home/user/red_eyes_is_all_you_need/mem/block0_attn_proj_weight.hex") doesn't have a timescale but at least one module in design has a timescale.
WARNING: [XSIM 43-4099] "/home/user/red_eyes_is_all_you_need/rtl/weight_rom.v" Line 4. Module weight_rom(DEPTH=65536,HEX_FILE="/home/user/red_eyes_is_all_you_need/mem/block0_ff_up_weight.hex") doesn't have a timescale but at least one module in design has a timescale.
WARNING: [XSIM 43-4099] "/home/user/red_eyes_is_all_you_need/rtl/weight_rom.v" Line 4. Module weight_rom(DEPTH=65536,HEX_FILE="/home/user/red_eyes_is_all_you_need/mem/block0_ff_down_weight.hex") doesn't have a timescale but at least one module in design has a timescale.
WARNING: [XSIM 43-4099] "/home/user/red_eyes_is_all_you_need/rtl/weight_rom.v" Line 4. Module weight_rom(DEPTH=49152,HEX_FILE="/home/user/red_eyes_is_all_you_need/mem/block1_attn_qkv_weight.hex") doesn't have a timescale but at least one module in design has a timescale.
WARNING: [XSIM 43-4099] "/home/user/red_eyes_is_all_you_need/rtl/weight_rom.v" Line 4. Module weight_rom(DEPTH=16384,HEX_FILE="/home/user/red_eyes_is_all_you_need/mem/block1_attn_proj_weight.hex") doesn't have a timescale but at least one module in design has a timescale.
WARNING: [XSIM 43-4099] "/home/user/red_eyes_is_all_you_need/rtl/weight_rom.v" Line 4. Module weight_rom(DEPTH=65536,HEX_FILE="/home/user/red_eyes_is_all_you_need/mem/block1_ff_up_weight.hex") doesn't have a timescale but at least one module in design has a timescale.
WARNING: [XSIM 43-4099] "/home/user/red_eyes_is_all_you_need/rtl/weight_rom.v" Line 4. Module weight_rom(DEPTH=65536,HEX_FILE="/home/user/red_eyes_is_all_you_need/mem/block1_ff_down_weight.hex") doesn't have a timescale but at least one module in design has a timescale.
WARNING: [XSIM 43-4099] "/home/user/red_eyes_is_all_you_need/rtl/weight_rom.v" Line 4. Module weight_rom(DEPTH=49152,HEX_FILE="/home/user/red_eyes_is_all_you_need/mem/block2_attn_qkv_weight.hex") doesn't have a timescale but at least one module in design has a timescale.
WARNING: [XSIM 43-4099] "/home/user/red_eyes_is_all_you_need/rtl/weight_rom.v" Line 4. Module weight_rom(DEPTH=16384,HEX_FILE="/home/user/red_eyes_is_all_you_need/mem/block2_attn_proj_weight.hex") doesn't have a timescale but at least one module in design has a timescale.
WARNING: [XSIM 43-4099] "/home/user/red_eyes_is_all_you_need/rtl/weight_rom.v" Line 4. Module weight_rom(DEPTH=65536,HEX_FILE="/home/user/red_eyes_is_all_you_need/mem/block2_ff_up_weight.hex") doesn't have a timescale but at least one module in design has a timescale.
WARNING: [XSIM 43-4099] "/home/user/red_eyes_is_all_you_need/rtl/weight_rom.v" Line 4. Module weight_rom(DEPTH=65536,HEX_FILE="/home/user/red_eyes_is_all_you_need/mem/block2_ff_down_weight.hex") doesn't have a timescale but at least one module in design has a timescale.
WARNING: [XSIM 43-4099] "/home/user/red_eyes_is_all_you_need/rtl/weight_rom.v" Line 4. Module weight_rom(DEPTH=49152,HEX_FILE="/home/user/red_eyes_is_all_you_need/mem/block3_attn_qkv_weight.hex") doesn't have a timescale but at least one module in design has a timescale.
WARNING: [XSIM 43-4099] "/home/user/red_eyes_is_all_you_need/rtl/weight_rom.v" Line 4. Module weight_rom(DEPTH=16384,HEX_FILE="/home/user/red_eyes_is_all_you_need/mem/block3_attn_proj_weight.hex") doesn't have a timescale but at least one module in design has a timescale.
WARNING: [XSIM 43-4099] "/home/user/red_eyes_is_all_you_need/rtl/weight_rom.v" Line 4. Module weight_rom(DEPTH=65536,HEX_FILE="/home/user/red_eyes_is_all_you_need/mem/block3_ff_up_weight.hex") doesn't have a timescale but at least one module in design has a timescale.
WARNING: [XSIM 43-4099] "/home/user/red_eyes_is_all_you_need/rtl/weight_rom.v" Line 4. Module weight_rom(DEPTH=65536,HEX_FILE="/home/user/red_eyes_is_all_you_need/mem/block3_ff_down_weight.hex") doesn't have a timescale but at least one module in design has a timescale.
WARNING: [XSIM 43-4099] "/home/user/red_eyes_is_all_you_need/rtl/weight_rom.v" Line 4. Module weight_rom(DEPTH=2304,HEX_FILE="/home/user/red_eyes_is_all_you_need/mem/ln_params.hex") doesn't have a timescale but at least one module in design has a timescale.
Completed simulation data flow analysis
Time Resolution for simulation is 1ps
Compiling module xil_defaultlib.weight_rom(DEPTH=32768,HEX_FILE=...
Compiling module xil_defaultlib.weight_rom(DEPTH=32768,HEX_FILE=...
Compiling module xil_defaultlib.weight_rom(DEPTH=49152,HEX_FILE=...
Compiling module xil_defaultlib.weight_rom(DEPTH=16384,HEX_FILE=...
Compiling module xil_defaultlib.weight_rom(DEPTH=65536,HEX_FILE=...
Compiling module xil_defaultlib.weight_rom(DEPTH=65536,HEX_FILE=...
Compiling module xil_defaultlib.weight_rom(DEPTH=49152,HEX_FILE=...
Compiling module xil_defaultlib.weight_rom(DEPTH=16384,HEX_FILE=...
Compiling module xil_defaultlib.weight_rom(DEPTH=65536,HEX_FILE=...
Compiling module xil_defaultlib.weight_rom(DEPTH=65536,HEX_FILE=...
Compiling module xil_defaultlib.weight_rom(DEPTH=49152,HEX_FILE=...
Compiling module xil_defaultlib.weight_rom(DEPTH=16384,HEX_FILE=...
Compiling module xil_defaultlib.weight_rom(DEPTH=65536,HEX_FILE=...
Compiling module xil_defaultlib.weight_rom(DEPTH=65536,HEX_FILE=...
Compiling module xil_defaultlib.weight_rom(DEPTH=49152,HEX_FILE=...
Compiling module xil_defaultlib.weight_rom(DEPTH=16384,HEX_FILE=...
Compiling module xil_defaultlib.weight_rom(DEPTH=65536,HEX_FILE=...
Compiling module xil_defaultlib.weight_rom(DEPTH=65536,HEX_FILE=...
Compiling module xil_defaultlib.weight_rom(DEPTH=2304,HEX_FILE="...
Compiling module xil_defaultlib.weight_store
Compiling module xil_defaultlib.tb_weight_store
Compiling module xil_defaultlib.glbl
Built simulation snapshot tb_weight_store_behav
